2017/02/22 01:06:26 INFO  - jmeter.util.JMeterUtils: Setting Locale to en_US 
2017/02/22 01:06:26 INFO  - jmeter.JMeter: Loading user properties from: C:\Users\sm\Downloads\apache-jmeter-3.1\bin\user.properties 
2017/02/22 01:06:26 INFO  - jmeter.JMeter: Loading system properties from: C:\Users\sm\Downloads\apache-jmeter-3.1\bin\system.properties 
2017/02/22 01:06:27 INFO  - jmeter.JMeter: Copyright (c) 1998-2016 The Apache Software Foundation 
2017/02/22 01:06:27 INFO  - jmeter.JMeter: Version 3.1 r1770033 
2017/02/22 01:06:27 INFO  - jmeter.JMeter: java.version=1.8.0_121 
2017/02/22 01:06:27 INFO  - jmeter.JMeter: java.vm.name=Java HotSpot(TM) Client VM 
2017/02/22 01:06:27 INFO  - jmeter.JMeter: os.name=Windows 7 
2017/02/22 01:06:27 INFO  - jmeter.JMeter: os.arch=x86 
2017/02/22 01:06:27 INFO  - jmeter.JMeter: os.version=6.1 
2017/02/22 01:06:27 INFO  - jmeter.JMeter: file.encoding=Cp1252 
2017/02/22 01:06:27 INFO  - jmeter.JMeter: Max memory     =259522560 
2017/02/22 01:06:27 INFO  - jmeter.JMeter: Available Processors =4 
2017/02/22 01:06:27 INFO  - jmeter.JMeter: Default Locale=English (United States) 
2017/02/22 01:06:27 INFO  - jmeter.JMeter: JMeter  Locale=English (United States) 
2017/02/22 01:06:27 INFO  - jmeter.JMeter: JMeterHome=C:\Users\sm\Downloads\apache-jmeter-3.1 
2017/02/22 01:06:27 INFO  - jmeter.JMeter: user.dir  =C:\Users\sm\Downloads\apache-jmeter-3.1\bin 
2017/02/22 01:06:27 INFO  - jmeter.JMeter: PWD       =C:\Users\sm\Downloads\apache-jmeter-3.1\bin 
2017/02/22 01:06:27 INFO  - jmeter.JMeter: IP: 192.168.1.7 Name: sm-PC FullName: sm-PC 
2017/02/22 01:06:29 INFO  - jmeter.gui.action.LookAndFeelCommand: Using look and feel: javax.swing.plaf.metal.MetalLookAndFeel [Metal, CrossPlatform] 
2017/02/22 01:06:29 INFO  - jmeter.JMeter: Loaded icon properties from org/apache/jmeter/images/icon.properties 
2017/02/22 01:06:34 INFO  - jmeter.engine.util.CompoundVariable: Note: Function class names must contain the string: '.functions.' 
2017/02/22 01:06:34 INFO  - jmeter.engine.util.CompoundVariable: Note: Function class names must not contain the string: '.gui.' 
2017/02/22 01:06:37 INFO  - jmeter.gui.util.MenuFactory: Skipping org.apache.jmeter.assertions.BSFAssertion 
2017/02/22 01:06:40 INFO  - jmeter.gui.util.MenuFactory: Skipping org.apache.jmeter.extractor.BSFPostProcessor 
2017/02/22 01:06:40 INFO  - jmeter.gui.util.MenuFactory: Skipping org.apache.jmeter.modifiers.BSFPreProcessor 
2017/02/22 01:06:40 INFO  - jmeter.protocol.http.sampler.HTTPSamplerBase: Parser for text/html is org.apache.jmeter.protocol.http.parser.LagartoBasedHtmlParser 
2017/02/22 01:06:40 INFO  - jmeter.protocol.http.sampler.HTTPSamplerBase: Parser for application/xhtml+xml is org.apache.jmeter.protocol.http.parser.LagartoBasedHtmlParser 
2017/02/22 01:06:40 INFO  - jmeter.protocol.http.sampler.HTTPSamplerBase: Parser for application/xml is org.apache.jmeter.protocol.http.parser.LagartoBasedHtmlParser 
2017/02/22 01:06:40 INFO  - jmeter.protocol.http.sampler.HTTPSamplerBase: Parser for text/xml is org.apache.jmeter.protocol.http.parser.LagartoBasedHtmlParser 
2017/02/22 01:06:40 INFO  - jmeter.protocol.http.sampler.HTTPSamplerBase: Parser for text/vnd.wap.wml is org.apache.jmeter.protocol.http.parser.RegexpHTMLParser 
2017/02/22 01:06:40 INFO  - jmeter.protocol.http.sampler.HTTPSamplerBase: Parser for text/css is org.apache.jmeter.protocol.http.parser.CssParser 
2017/02/22 01:06:46 INFO  - jorphan.exec.KeyToolUtils: keytool found at 'keytool' 
2017/02/22 01:06:46 INFO  - jmeter.protocol.http.proxy.ProxyControl: HTTP(S) Test Script Recorder SSL Proxy will use keys that support embedded 3rd party resources in file C:\Users\sm\Downloads\apache-jmeter-3.1\bin\proxyserver.jks 
2017/02/22 01:06:46 INFO  - jmeter.gui.util.MenuFactory: Skipping org.apache.jmeter.protocol.java.sampler.BSFSampler 
2017/02/22 01:06:46 INFO  - jmeter.gui.util.MenuFactory: Skipping org.apache.jmeter.protocol.mongodb.config.MongoSourceElement 
2017/02/22 01:06:46 INFO  - jmeter.gui.util.MenuFactory: Skipping org.apache.jmeter.protocol.mongodb.sampler.MongoScriptSampler 
2017/02/22 01:06:47 INFO  - jmeter.gui.util.MenuFactory: Skipping org.apache.jmeter.timers.BSFTimer 
2017/02/22 01:06:47 INFO  - jmeter.gui.util.MenuFactory: Skipping org.apache.jmeter.visualizers.BSFListener 
2017/02/22 01:06:47 INFO  - jmeter.gui.util.MenuFactory: Skipping org.apache.jmeter.visualizers.MonitorHealthVisualizer 
2017/02/22 01:06:48 INFO  - jmeter.samplers.SampleResult: Note: Sample TimeStamps are START times 
2017/02/22 01:06:48 INFO  - jmeter.samplers.SampleResult: sampleresult.default.encoding is set to ISO-8859-1 
2017/02/22 01:06:48 INFO  - jmeter.samplers.SampleResult: sampleresult.useNanoTime=true 
2017/02/22 01:06:48 INFO  - jmeter.samplers.SampleResult: sampleresult.nanoThreadSleep=5000 
